<?xml version="1.0" encoding="UTF-8"?>
<!-- Generated by org.testng.reporters.JUnitReportReporter -->
<testsuite hostname="Varalakshmi" failures="0" tests="1" name="testscripts.AddToACartTest" time="84.942" errors="0" timestamp="2023-05-30T10:02:43 IST" skipped="0">
  <testcase classname="testscripts.AddToACartTest" name="addToCartTest" time="84.942"/>
  <system-out/>
</testsuite> <!-- testscripts.AddToACartTest -->
