<?xml version="1.0" encoding="UTF-8"?>
<!-- Generated by org.testng.reporters.JUnitReportReporter -->
<testsuite hostname="Varalakshmi" failures="0" tests="1" name="testscripts.AddpythonToCartTest" time="31.538" errors="0" timestamp="2023-05-31T08:47:55 IST" skipped="0">
  <testcase classname="testscripts.AddpythonToCartTest" name="addToCartTest" time="31.538"/>
  <system-out/>
</testsuite> <!-- testscripts.AddpythonToCartTest -->
