<?xml version="1.0" encoding="UTF-8"?>
<!-- Generated by org.testng.reporters.JUnitReportReporter -->
<testsuite hostname="Varalakshmi" failures="0" tests="1" name="testscripts.SendContactCDetailsTest" time="24.665" errors="0" timestamp="2023-05-30T10:31:49 IST" skipped="0">
  <testcase classname="testscripts.SendContactCDetailsTest" name="sendContactDetailsTest" time="24.665"/>
  <system-out/>
</testsuite> <!-- testscripts.SendContactCDetailsTest -->
